<?xml version="1.0" encoding="UTF-8"?>
<testng-results ignored="0" total="1" passed="1" failed="0" skipped="0">
  <reporter-output>
  </reporter-output>
  <suite started-at="2021-06-08T23:42:18 IST" name="Default suite" finished-at="2021-06-08T23:43:05 IST" duration-ms="47193">
    <groups>
    </groups>
    <test started-at="2021-06-08T23:42:18 IST" name="Default test" finished-at="2021-06-08T23:43:05 IST" duration-ms="47193">
      <class name="com.cyient.test.FindACrusisesTest">
        <test-method is-config="true" signature="setup()[pri:0, instance:com.cyient.test.FindACrusisesTest@6b8ca3c8]" started-at="2021-06-08T23:42:18 IST" name="setup" finished-at="2021-06-08T23:42:51 IST" duration-ms="33753" status="PASS">
          <reporter-output>
          </reporter-output>
        </test-method> <!-- setup -->
        <test-method signature="signinInvalidCredential()[pri:0, instance:com.cyient.test.FindACrusisesTest@6b8ca3c8]" started-at="2021-06-08T23:42:51 IST" name="signinInvalidCredential" finished-at="2021-06-08T23:43:02 IST" duration-ms="10457" status="PASS">
          <reporter-output>
          </reporter-output>
        </test-method> <!-- signinInvalidCredential -->
        <test-method is-config="true" signature="teardown()[pri:0, instance:com.cyient.test.FindACrusisesTest@6b8ca3c8]" started-at="2021-06-08T23:43:02 IST" name="teardown" finished-at="2021-06-08T23:43:05 IST" duration-ms="2917" status="PASS">
          <reporter-output>
          </reporter-output>
        </test-method> <!-- teardown -->
      </class> <!-- com.cyient.test.FindACrusisesTest -->
    </test> <!-- Default test -->
  </suite> <!-- Default suite -->
</testng-results>
